This is LuaTeX, Version beta-0.76.0-2013062821 (rev 4627)  (format=lualatex 2016.9.8)  8 DEC 2016 15:19
**Thesis.tex
(./Thesis.tex
LaTeX2e <2014/05/01>
Babel <3.9l> and hyphenation patterns for 68 languages loaded.
("C:/Program Files/MiKTeX 2.9/tex/latex/base/article.cls"
Document Class: article 2014/09/29 v1.4h Standard LaTeX document class
("C:/Program Files/MiKTeX 2.9/tex/latex/base/size12.clo"
File: size12.clo 2014/09/29 v1.4h Standard LaTeX file (size option)
)
\c@part=\count79
\c@section=\count80
\c@subsection=\count81
\c@subsubsection=\count82
\c@paragraph=\count83
\c@subparagraph=\count84
\c@figure=\count85
\c@table=\count86
\abovecaptionskip=\skip41
\belowcaptionskip=\skip42
\bibindent=\dimen102
)
("C:/Program Files/MiKTeX 2.9/tex/latex/geometry/geometry.sty"
Package: geometry 2010/09/12 v5.6 Page Geometry

("C:/Program Files/MiKTeX 2.9/tex/latex/graphics/keyval.sty"
Package: keyval 2014/10/28 v1.15 key=value parser (DPC)
\KV@toks@=\toks14
)
("C:/Program Files/MiKTeX 2.9/tex/generic/oberdiek/ifpdf.sty"
Package: ifpdf 2011/01/30 v2.3 Provides the ifpdf switch (HO)
Package ifpdf Info: pdfTeX in PDF mode is detected.
)
("C:/Program Files/MiKTeX 2.9/tex/generic/oberdiek/ifvtex.sty"
Package: ifvtex 2010/03/01 v1.5 Detect VTeX and its facilities (HO)
Package ifvtex Info: VTeX not detected.
)
("C:/Program Files/MiKTeX 2.9/tex/generic/ifxetex/ifxetex.sty"
Package: ifxetex 2010/09/12 v0.6 Provides ifxetex conditional
)
\Gm@cnth=\count87
\Gm@cntv=\count88
\c@Gm@tempcnt=\count89
\Gm@bindingoffset=\dimen103
\Gm@wd@mp=\dimen104
\Gm@odd@mp=\dimen105
\Gm@even@mp=\dimen106
\Gm@layoutwidth=\dimen107
\Gm@layoutheight=\dimen108
\Gm@layouthoffset=\dimen109
\Gm@layoutvoffset=\dimen110
\Gm@dimlist=\toks15

("C:/Program Files/MiKTeX 2.9/tex/latex/geometry/geometry.cfg"))
("C:/Program Files/MiKTeX 2.9/tex/latex/graphics/graphicx.sty"
Package: graphicx 2014/10/28 v1.0g Enhanced LaTeX Graphics (DPC,SPQR)

("C:/Program Files/MiKTeX 2.9/tex/latex/graphics/graphics.sty"
Package: graphics 2014/10/28 v1.0p Standard LaTeX Graphics (DPC,SPQR)

("C:/Program Files/MiKTeX 2.9/tex/latex/graphics/trig.sty"
Package: trig 1999/03/16 v1.09 sin cos tan (DPC)
)
("C:/Program Files/MiKTeX 2.9/tex/latex/00miktex/graphics.cfg"
File: graphics.cfg 2007/01/18 v1.5 graphics configuration of teTeX/TeXLive
)
Package graphics Info: Driver file: pdftex.def on input line 91.

("C:/Program Files/MiKTeX 2.9/tex/latex/pdftex-def/pdftex.def"
File: pdftex.def 2011/05/27 v0.06d Graphics/color for pdfTeX

("C:/Program Files/MiKTeX 2.9/tex/generic/oberdiek/infwarerr.sty"
Package: infwarerr 2010/04/08 v1.3 Providing info/warning/error messages (HO)
)
("C:/Program Files/MiKTeX 2.9/tex/generic/oberdiek/ltxcmds.sty"
Package: ltxcmds 2011/11/09 v1.22 LaTeX kernel commands for general use (HO)
)
("C:/Program Files/MiKTeX 2.9/tex/generic/oberdiek/pdftexcmds.sty"
Package: pdftexcmds 2011/11/29 v0.20 Utility functions of pdfTeX for LuaTeX (HO)


("C:/Program Files/MiKTeX 2.9/tex/generic/oberdiek/ifluatex.sty"
Package: ifluatex 2010/03/01 v1.3 Provides the ifluatex switch (HO)
Package ifluatex Info: LuaTeX detected.
)
Package pdftexcmds Info: \pdf@primitive is available.
Package pdftexcmds Info: \pdf@ifprimitive is available.
Package pdftexcmds Info: \pdfdraftmode found.

("C:/Program Files/MiKTeX 2.9/tex/generic/oberdiek/luatex-loader.sty"
Package: luatex-loader 2010/03/09 v0.4 Lua module loader (HO)

(C:/Program Files/MiKTeX 2.9/scripts/oberdiek/oberdiek.luatex.lua))
\pdftexcmds@toks=\toks16
)
\Gread@gobject=\count90
))
\Gin@req@height=\dimen111
\Gin@req@width=\dimen112
)
("C:/Program Files/MiKTeX 2.9/tex/latex/tools/array.sty"
Package: array 2014/10/28 v2.4c Tabular extension package (FMi)
\col@sep=\dimen113
\extrarowheight=\dimen114
\NC@list=\toks17
\extratabsurround=\skip43
\backup@length=\skip44
)
("C:/Program Files/MiKTeX 2.9/tex/latex/rotating/rotating.sty"
Package: rotating 2009/03/28 v2.16a rotated objects in LaTeX

("C:/Program Files/MiKTeX 2.9/tex/latex/base/ifthen.sty"
Package: ifthen 2014/09/29 v1.1c Standard LaTeX ifthen package (DPC)
)
\c@r@tfl@t=\count91
\rotFPtop=\skip45
\rotFPbot=\skip46
\rot@float@box=\box26
\rot@mess@toks=\toks18
)
("C:/Program Files/MiKTeX 2.9/tex/latex/oberdiek/pdflscape.sty"
Package: pdflscape 2008/08/11 v0.10 Display of landscape pages in PDF (HO)

("C:/Program Files/MiKTeX 2.9/tex/latex/graphics/lscape.sty"
Package: lscape 2000/10/22 v3.01 Landscape Pages (DPC)
)
Package pdflscape Info: Auto-detected driver: pdftex on input line 80.
)
("C:/Program Files/MiKTeX 2.9/tex/latex/amsmath/amsmath.sty"
Package: amsmath 2013/01/14 v2.14 AMS math features
\@mathmargin=\skip47

For additional information on amsmath, use the `?' option.
("C:/Program Files/MiKTeX 2.9/tex/latex/amsmath/amstext.sty"
Package: amstext 2000/06/29 v2.01

("C:/Program Files/MiKTeX 2.9/tex/latex/amsmath/amsgen.sty"
File: amsgen.sty 1999/11/30 v2.0
\@emptytoks=\toks19
\ex@=\dimen115
))
("C:/Program Files/MiKTeX 2.9/tex/latex/amsmath/amsbsy.sty"
Package: amsbsy 1999/11/29 v1.2d
\pmbraise@=\dimen116
)
("C:/Program Files/MiKTeX 2.9/tex/latex/amsmath/amsopn.sty"
Package: amsopn 1999/12/14 v2.01 operator names
)
\inf@bad=\count92
LaTeX Info: Redefining \frac on input line 210.
\uproot@=\count93
\leftroot@=\count94
LaTeX Info: Redefining \overline on input line 306.
\classnum@=\count95
\DOTSCASE@=\count96
LaTeX Info: Redefining \ldots on input line 378.
LaTeX Info: Redefining \dots on input line 381.
LaTeX Info: Redefining \cdots on input line 466.
\Mathstrutbox@=\box27
\strutbox@=\box28
\big@size=\dimen117
LaTeX Font Info:    Redeclaring font encoding OML on input line 566.
LaTeX Font Info:    Redeclaring font encoding OMS on input line 567.
\macc@depth=\count97
\c@MaxMatrixCols=\count98
\dotsspace@=\muskip10
\c@parentequation=\count99
\dspbrk@lvl=\count100
\tag@help=\toks20
\row@=\count101
\column@=\count102
\maxfields@=\count103
\andhelp@=\toks21
\eqnshift@=\dimen118
\alignsep@=\dimen119
\tagshift@=\dimen120
\tagwidth@=\dimen121
\totwidth@=\dimen122
\lineht@=\dimen123
\@envbody=\toks22
\multlinegap=\skip48
\multlinetaggap=\skip49
\mathdisplay@stack=\toks23
LaTeX Info: Redefining \[ on input line 2665.
LaTeX Info: Redefining \] on input line 2666.
)
("C:/Program Files/MiKTeX 2.9/tex/latex/listings/listings.sty"
\lst@mode=\count104
\lst@gtempboxa=\box29
\lst@token=\toks24
\lst@length=\count105
\lst@currlwidth=\dimen124
\lst@column=\count106
\lst@pos=\count107
\lst@lostspace=\dimen125
\lst@width=\dimen126
\lst@newlines=\count108
\lst@lineno=\count109
\lst@maxwidth=\dimen127

("C:/Program Files/MiKTeX 2.9/tex/latex/listings/lstmisc.sty"
File: lstmisc.sty 2014/09/06 1.5e (Carsten Heinz)
\c@lstnumber=\count110
\lst@skipnumbers=\count111
\lst@framebox=\box30
)
("C:/Program Files/MiKTeX 2.9/tex/latex/listings/listings.cfg"
File: listings.cfg 2014/09/06 1.5e listings configuration
))
Package: listings 2014/09/06 1.5e (Carsten Heinz)

("C:/Program Files/MiKTeX 2.9/tex/latex/psnfss/times.sty"
Package: times 2005/04/12 PSNFSS-v9.2a (SPQR) 
)
("C:/Program Files/MiKTeX 2.9/tex/latex/float/float.sty"
Package: float 2001/11/08 v1.3d Float enhancements (AL)
\c@float@type=\count112
\float@exts=\toks25
\float@box=\box31
\@float@everytoks=\toks26
\@floatcapt=\box32
) (./Thesis.aux

LaTeX Warning: Label `d:p7' multiply defined.


LaTeX Warning: Label `d:p7' multiply defined.


LaTeX Warning: Label `d:p7' multiply defined.

)
LaTeX Font Info:    Checking defaults for OML/cmm/m/it on input line 26.
LaTeX Font Info:    ... okay on input line 26.
LaTeX Font Info:    Checking defaults for T1/cmr/m/n on input line 26.
LaTeX Font Info:    ... okay on input line 26.
LaTeX Font Info:    Checking defaults for OT1/cmr/m/n on input line 26.
LaTeX Font Info:    ... okay on input line 26.
LaTeX Font Info:    Checking defaults for OMS/cmsy/m/n on input line 26.
LaTeX Font Info:    ... okay on input line 26.
LaTeX Font Info:    Checking defaults for OMX/cmex/m/n on input line 26.
LaTeX Font Info:    ... okay on input line 26.
LaTeX Font Info:    Checking defaults for U/cmr/m/n on input line 26.
LaTeX Font Info:    ... okay on input line 26.
LaTeX Font Info:    Try loading font information for OT1+ptm on input line 26.
 ("C:/Program Files/MiKTeX 2.9/tex/latex/psnfss/ot1ptm.fd"
File: ot1ptm.fd 2001/06/04 font definitions for OT1/ptm.
)
*geometry* driver: auto-detecting
*geometry* detected driver: pdftex
*geometry* verbose mode - [ preamble ] result:
* driver: pdftex
* paper: a4paper
* layout: <same size as paper>
* layoutoffset:(h,v)=(0.0pt,0.0pt)
* modes: 
* h-part:(L,W,R)=(105.27519pt, 419.96269pt, 72.26999pt)
* v-part:(T,H,B)=(72.26999pt, 700.50687pt, 72.26999pt)
* \paperwidth=597.50787pt
* \paperheight=845.04684pt
* \textwidth=419.96269pt
* \textheight=700.50687pt
* \oddsidemargin=33.0052pt
* \evensidemargin=33.0052pt
* \topmargin=-37.0pt
* \headheight=12.0pt
* \headsep=25.0pt
* \topskip=12.0pt
* \footskip=30.0pt
* \marginparwidth=44.0pt
* \marginparsep=10.0pt
* \columnsep=10.0pt
* \skip\footins=10.8pt plus 4.0pt minus 2.0pt
* \hoffset=0.0pt
* \voffset=0.0pt
* \mag=1000
* \@twocolumnfalse
* \@twosidefalse
* \@mparswitchfalse
* \@reversemarginfalse
* (1in=72.27pt=25.4mm, 1cm=28.453pt)

("C:/Program Files/MiKTeX 2.9/tex/context/base/supp-pdf.mkii"
[Loading MPS to PDF converter (version 2006.09.02).]
\scratchcounter=\count113
\scratchdimen=\dimen128
\scratchbox=\box33
\nofMPsegments=\count114
\nofMParguments=\count115
\everyMPshowfont=\toks27
\MPscratchCnt=\count116
\MPscratchDim=\dimen129
\MPnumerator=\count117
\makeMPintoPDFobject=\count118
\everyMPtoPDFconversion=\toks28
)
\c@lstlisting=\count119
*geometry* verbose mode - [ newgeometry ] result:
* driver: pdftex
* paper: a4paper
* layout: <same size as paper>
* layoutoffset:(h,v)=(0.0pt,0.0pt)
* modes: 
* h-part:(L,W,R)=(71.13188pt, 436.7489pt, 89.62709pt)
* v-part:(T,H,B)=(101.40665pt, 591.5302pt, 152.11pt)
* \paperwidth=597.50787pt
* \paperheight=845.04684pt
* \textwidth=436.7489pt
* \textheight=591.5302pt
* \oddsidemargin=-1.1381pt
* \evensidemargin=-1.1381pt
* \topmargin=-7.86334pt
* \headheight=12.0pt
* \headsep=25.0pt
* \topskip=12.0pt
* \footskip=30.0pt
* \marginparwidth=44.0pt
* \marginparsep=10.0pt
* \columnsep=10.0pt
* \skip\footins=10.8pt plus 4.0pt minus 2.0pt
* \hoffset=0.0pt
* \voffset=0.0pt
* \mag=1000
* \@twocolumnfalse
* \@twosidefalse
* \@mparswitchfalse
* \@reversemarginfalse
* (1in=72.27pt=25.4mm, 1cm=28.453pt)

 <logo.png, id=1, 334.3692pt x 392.9079pt>
File: logo.png Graphic file (type png)
 <use logo.png>
Package pdftex.def Info: logo.png used on input line 33.
(pdftex.def)             Requested size: 66.87265pt x 78.58018pt.
LaTeX Font Info:    Font shape `OT1/ptm/bx/n' in size <20.74> not available
(Font)              Font shape `OT1/ptm/b/n' tried instead on input line 36.

<ucsc.png, id=2, 803.0pt x 839.135pt>
File: ucsc.png Graphic file (type png)
 <use ucsc.png>
Package pdftex.def Info: ucsc.png used on input line 42.
(pdftex.def)             Requested size: 48.17792pt x 50.34592pt.
 [1


{C:/ProgramData/MiKTeX/2.9/pdftex/config/pdftex.map} <./logo.png> <./ucsc.png>]
LaTeX Font Info:    Font shape `OT1/ptm/bx/n' in size <17.28> not available
(Font)              Font shape `OT1/ptm/b/n' tried instead on input line 46.
LaTeX Font Info:    Font shape `OT1/ptm/bx/n' in size <12> not available
(Font)              Font shape `OT1/ptm/b/n' tried instead on input line 48.
 [1] [2] (./Thesis.toc
[3])
\tf@toc=\write3
 [4]
LaTeX Font Info:    Font shape `OT1/ptm/bx/n' in size <14.4> not available
(Font)              Font shape `OT1/ptm/b/n' tried instead on input line 67.
 [1] [2] <a.png, id=28, 547.2947pt x 411.78844pt>
File: a.png Graphic file (type png)
 <use a.png>
Package pdftex.def Info: a.png used on input line 94.
(pdftex.def)             Requested size: 426.79134pt x 321.12456pt.

Overfull \hbox (6.82864pt too wide) in paragraph at lines 94--95
 [][][] 
 []

[3 <./a.png>] [4]
LaTeX Font Info:    Try loading font information for OMS+ptm on input line 120.
 ("C:/Program Files/MiKTeX 2.9/tex/latex/psnfss/omsptm.fd"
File: omsptm.fd 
)
LaTeX Font Info:    Font shape `OMS/ptm/m/n' in size <12> not available
(Font)              Font shape `OMS/cmsy/m/n' tried instead on input line 120.

[5]
Overfull \hbox (2.09738pt too wide) in paragraph at lines 132--133
[] [] \OT1/ptm/m/n/12 There has been com-par-a-tively less study of com-mu-ni-c
a-tion in Asian ele-phants. Acous-
 []

[6] [7] [8] [9] [10] [11] <INFRA_20.jpg, id=58, 481.8pt x 361.35pt>
File: INFRA_20.jpg Graphic file (type jpg)

<use INFRA_20.jpg>
Package pdftex.def Info: INFRA_20.jpg used on input line 201.
(pdftex.def)             Requested size: 284.53154pt x 213.39867pt.
 [12 <./INFRA_20.jpg>]
<circuit.png, id=62, 524.71031pt x 227.34938pt>
File: circuit.png Graphic file (type png)
 <use circuit.png>
Package pdftex.def Info: circuit.png used on input line 218.
(pdftex.def)             Requested size: 284.53229pt x 123.28372pt.
 [13 <./circuit.png>] <eloc_implementation.png, id=67, 472.76625pt x 373.395pt>
File: eloc_implementation.png Graphic file (type png)

<use eloc_implementation.png>
Package pdftex.def Info: eloc_implementation.png used on input line 231.
(pdftex.def)             Requested size: 341.43744pt x 269.67033pt.
 [14 <./eloc_implementation.png>] [15] [16]
<anglecal.png, id=79, 681.29532pt x 154.32657pt>
File: anglecal.png Graphic file (type png)
 <use anglecal.png>
Package pdftex.def Info: anglecal.png used on input line 267.
(pdftex.def)             Requested size: 419.96269pt x 95.13043pt.

<flow.png, id=80, 280.79906pt x 349.305pt>
File: flow.png Graphic file (type png)
 <use flow.png>
Package pdftex.def Info: flow.png used on input line 277.
(pdftex.def)             Requested size: 280.79837pt x 349.30414pt.
 [17 <./anglecal.png>] [18 <./flow.png>] [19] [20]
<crosscor_implementation.png, id=95, 596.98032pt x 336.50719pt>
File: crosscor_implementation.png Graphic file (type png)

<use crosscor_implementation.png>
Package pdftex.def Info: crosscor_implementation.png used on input line 307.
(pdftex.def)             Requested size: 284.52505pt x 160.3817pt.
 [21 <./crosscor_implementation.png>]
LaTeX Font Info:    Try loading font information for OML+ptm on input line 338.

("C:/Program Files/MiKTeX 2.9/tex/latex/psnfss/omlptm.fd"
File: omlptm.fd 
)
LaTeX Font Info:    Font shape `OML/ptm/m/n' in size <12> not available
(Font)              Font shape `OML/cmm/m/it' tried instead on input line 338.
 [22] [23]
Overfull \hbox (69.64229pt too wide) in paragraph at lines 415--416
[][][][][][][][][][][][][][][][][][][][] 
 []


Overfull \hbox (62.44221pt too wide) in paragraph at lines 417--419
[][][][][][][][][][][][][][][][][][][][][][] 
 []

[24]
Overfull \hbox (12.0417pt too wide) in paragraph at lines 436--437
[][][][][][][][][][][][][][][][][][][][][][] 
 []


Overfull \hbox (33.64192pt too wide) in paragraph at lines 438--440
[][][][][][][][][][][][][][][][][][][][][][][][] 
 []


Overfull \hbox (148.8431pt too wide) in paragraph at lines 440--441
[][][][][][][][][][][][][][][][][][][][][][][][][][][][][][][][][][][][] 
 []


Overfull \hbox (33.64192pt too wide) in paragraph at lines 441--442
[][][][][][][][][][][][][][][][][][][][][][][][][] 
 []


Overfull \hbox (69.64229pt too wide) in paragraph at lines 443--444
[][][][][][][][][][][][][][][][][][][][][][][][][][][][][][][][][][] 
 []


Overfull \hbox (40.842pt too wide) in paragraph at lines 444--445
[][][][][][][][][][][][][][][][][][][][][][][][][][][][][] 
 []


Overfull \hbox (559.24727pt too wide) in paragraph at lines 447--448
[][][][][][][][][][][][][][][][][][][][][][][][][][][][][][][][][][][][][][] 
 []

[25]
Overfull \hbox (19.24178pt too wide) in paragraph at lines 461--462
[][][][][][][][][][][][][][][][][][][][][][][] 
 []


Overfull \hbox (12.0417pt too wide) in paragraph at lines 464--465
[][][][][][][][][][][][][][][][][][][][][][][][] 
 []


Overfull \hbox (84.04243pt too wide) in paragraph at lines 466--468
[][][][][][][][][][][][][][][][][][][][][][][][][][][][] 
 []


Overfull \hbox (76.84236pt too wide) in paragraph at lines 469--470
[][][][][][][][][][][][][][][][][][][][][][][][][][] 
 []


Overfull \hbox (19.24178pt too wide) in paragraph at lines 475--477
[][][][][][][][][][][][][][][][][][][][][][][] 
 []


Overfull \hbox (84.04243pt too wide) in paragraph at lines 480--481
[][][][][][][][][][][][][][][][][][][][][][] 
 []


Overfull \hbox (19.24178pt too wide) in paragraph at lines 484--485
[][][][][][][][][][][][][][][][][][][][][][][] 
 []


Overfull \hbox (55.24214pt too wide) in paragraph at lines 485--487
[][][][][][][][][][][][][][][][][][][][][][][][][][][][][] 
 []


Overfull \hbox (307.2447pt too wide) in paragraph at lines 490--491
[][][][][][][][][][][][][][][][][][][][][][][][][][][][][][][][][][] 
 []

[26]
Overfull \hbox (314.44478pt too wide) in paragraph at lines 499--500
[][][][][][][][][][][][][][][][][][][][][][][][][][][][][][][][][][][][][][] 
 []


Overfull \hbox (26.44185pt too wide) in paragraph at lines 500--501
[][][][][][][][][][][][][][][][][][][][][][][][][] 
 []

[27] [28] [29] <eloc_vs_infiltec.png, id=126, 490.08093pt x 331.2375pt>
File: eloc_vs_infiltec.png Graphic file (type png)

<use eloc_vs_infiltec.png>
Package pdftex.def Info: eloc_vs_infiltec.png used on input line 598.
(pdftex.def)             Requested size: 284.53131pt x 192.30994pt.
 [30]
<eloc_vs_infiltec2.png, id=130, 449.42906pt x 261.22594pt>
File: eloc_vs_infiltec2.png Graphic file (type png)

<use eloc_vs_infiltec2.png>
Package pdftex.def Info: eloc_vs_infiltec2.png used on input line 610.
(pdftex.def)             Requested size: 284.54077pt x 165.38634pt.
 [31 <./eloc_vs_infiltec.png> <./eloc_vs_infiltec2.png>] <position3.png, id=136
, 963.6pt x 722.7pt>
File: position3.png Graphic file (type png)
 <use position3.png>
Package pdftex.def Info: position3.png used on input line 654.
(pdftex.def)             Requested size: 284.5242pt x 213.39314pt.
 [32]
<position7.png, id=140, 963.6pt x 722.7pt>
File: position7.png Graphic file (type png)
 <use position7.png>
Package pdftex.def Info: position7.png used on input line 661.
(pdftex.def)             Requested size: 284.5242pt x 213.39314pt.

<map.png, id=141, 963.6pt x 722.7pt>
File: map.png Graphic file (type png)
 <use map.png>
Package pdftex.def Info: map.png used on input line 671.
(pdftex.def)             Requested size: 398.328pt x 298.74599pt.
 [33 <./position3.png> <./position7.png>] [34 <./map.png>] <figure_1.png, id=15
1, 578.16pt x 433.62pt>
File: figure_1.png Graphic file (type png)

<use figure_1.png>
Package pdftex.def Info: figure_1.png used on input line 713.
(pdftex.def)             Requested size: 167.98251pt x 125.98477pt.
 <figure_20.png, id=152, 578.16pt x 433.62pt>
File: figure_20.png Graphic file (type png)

<use figure_20.png>
Package pdftex.def Info: figure_20.png used on input line 718.
(pdftex.def)             Requested size: 167.98251pt x 125.98477pt.
 <figure30.png, id=153, 578.16pt x 433.62pt>
File: figure30.png Graphic file (type png)

<use figure30.png>
Package pdftex.def Info: figure30.png used on input line 726.
(pdftex.def)             Requested size: 167.98251pt x 125.98477pt.
 <figure50.png, id=154, 578.16pt x 433.62pt>
File: figure50.png Graphic file (type png)

<use figure50.png>
Package pdftex.def Info: figure50.png used on input line 731.
(pdftex.def)             Requested size: 167.98251pt x 125.98477pt.
 <figure_60.png, id=155, 578.16pt x 433.62pt>
File: figure_60.png Graphic file (type png)

<use figure_60.png>
Package pdftex.def Info: figure_60.png used on input line 739.
(pdftex.def)             Requested size: 167.98251pt x 125.98477pt.
 <figure_70.png, id=156, 578.16pt x 433.62pt>
File: figure_70.png Graphic file (type png)

<use figure_70.png>
Package pdftex.def Info: figure_70.png used on input line 744.
(pdftex.def)             Requested size: 167.98251pt x 125.98477pt.

Underfull \hbox (badness 10000) in paragraph at lines 756--756
[][]|\OT1/ptm/bx/n/12 Cal-cu-lated
 []


Underfull \hbox (badness 10000) in paragraph at lines 756--757
[][]|\OT1/ptm/bx/n/12 To-tal win-dow
 []

[35 <./figure_1.png> <./figure_20.png> <./figure30.png> <./figure50.png> <./figu
re_60.png> <./figure_70.png>] <44100.png, id=166, 722.7pt x 363.60844pt>
File: 44100.png Graphic file (type png)

<use 44100.png>
Package pdftex.def Info: 44100.png used on input line 794.
(pdftex.def)             Requested size: 398.33534pt x 200.41246pt.
 [36] <200.png, id=171, 722.7pt x 361.35pt>
File: 200.png Graphic file (type png)
 <use 200.png>
Package pdftex.def Info: 200.png used on input line 803.
(pdftex.def)             Requested size: 398.33534pt x 199.16766pt.

Underfull \hbox (badness 1622) in paragraph at lines 826--827
[][]|\OT1/ptm/bx/n/12 50-60 (a rather longer
 []

[37 <./44100.png> <./200.png>] [38]
<error_angles.png, id=180, 456.20438pt x 323.70938pt>
File: error_angles.png Graphic file (type png)
 <use error_angles.png>
Package pdftex.def Info: error_angles.png used on input line 837.
(pdftex.def)             Requested size: 284.53532pt x 201.89801pt.

[39 <./error_angles.png>]
<wild_recordings.png, id=185, 386.94562pt x 390.70969pt>
File: wild_recordings.png Graphic file (type png)

<use wild_recordings.png>
Package pdftex.def Info: wild_recordings.png used on input line 873.
(pdftex.def)             Requested size: 284.52855pt x 287.29634pt.
 [40 <./wild_recordings.png>] [41] [42]
Underfull \hbox (badness 2126) in paragraph at lines 905--906
[][]\OT1/ptm/m/n/12 “In-fra-sonic Sound", Hy-per-physics.phy-astr.gsu.edu, 20
16. [On-line]. Avail-able:
 []

[43]
Underfull \hbox (badness 3989) in paragraph at lines 913--914
[][]\OT1/ptm/m/n/12 MU-SIC Al-go-rithm", Ptolemy.eecs.berke-ley.edu, 2016. [On-
line]. Avail-able:
 []


Underfull \hbox (badness 7777) in paragraph at lines 913--914
\OT1/ptm/m/n/12 http://p-tolemy.eecs.berke-ley.edu/-pa-pers/96/dtmf[]ict/www/no
de5.html. [Ac-cessed:
 []


Underfull \hbox (badness 1418) in paragraph at lines 914--915
[][]\OT1/ptm/m/n/12 Lalith Senevi-ratne, G. Rossel, W.D.C.. Gu-nasek-era, H.L.P
.A. Madanayake,
 []


Underfull \hbox (badness 1418) in paragraph at lines 916--917
[][]\OT1/ptm/m/n/12 Pana-sonic Cor-po-ra-tion. Pana-sonic Om-ni-di-rec-tional B
ack Elec-tret Con-denser
 []


Underfull \hbox (badness 10000) in paragraph at lines 916--917
\OT1/ptm/m/n/12 Mi-cro-phone Car-tidge.[2016]. [On-line]. Avail-able: http://in
-dus-trial.pana-
 []


Underfull \hbox (badness 10000) in paragraph at lines 916--917
\OT1/ptm/m/n/12 sonic.com/cdbs/www-data/pdf/ABA5000/ABA5000CE22.pdf. [Ac-cessed
: 28-
 []

[44]
Underfull \hbox (badness 10000) in paragraph at lines 936--938
[][]\OT1/ptm/m/n/12 Sasha De-vore,An-tje Ih-le-feld,Ken-neth Han-cock,Bar-bara 
Shinn-
 []


Underfull \hbox (badness 10000) in paragraph at lines 939--940
[][]\OT1/ptm/m/n/12 In-fil-tec Model INFRA-20 the in-ex-pen-sive in-fra-sound m
on-i-tor de-vice.
 []

[45] [46] (./Thesis.aux)

LaTeX Warning: There were multiply-defined labels.

 )

Here is how much of LuaTeX's memory you used:
 4431 strings out of 494733
 100000,128383 words of node,token memory allocated
 417 words of node memory still in use:
    nodes
   avail lists: 1:1,2:21,3:207,4:1875,5:449,6:2699,7:241,9:1171,10:294
 7868 multiletter control sequences out of 65536+200000
 50 fonts using 1976083 bytes
 34i,11n,32p,1607b,494s stack positions out of 5000i,500n,10000p,200000b,50000s
{C:/Program Files/MiKTeX 2.9/fonts/enc/dvips/fontname/8r.enc}<C:/Program Files/M
iKTeX 2.9/fonts/type1/public/amsfonts/cm/cmmi12.pfb><C:/Program Files/MiKTeX 2.9
/fonts/type1/public/amsfonts/cm/cmsy10.pfb><C:/Program Files/MiKTeX 2.9/fonts/ty
pe1/urw/times/utmb8a.pfb><C:/Program Files/MiKTeX 2.9/fonts/type1/urw/times/utmr
8a.pfb>
Output written on Thesis.pdf (51 pages, 4931992 bytes).

PDF statistics: 224 PDF objects out of 1000 (max. 8388607)
 0 named destinations out of 1000 (max. 131072)
 1 words of extra memory for PDF output out of 10000 (max. 10000000)

